d:\github\spaceinvader\spaceinvader\debug\vc142.pdb
d:\github\spaceinvader\spaceinvader\debug\vc142.idb
d:\github\spaceinvader\spaceinvader\debug\vector2.obj
d:\github\spaceinvader\spaceinvader\debug\text.obj
d:\github\spaceinvader\spaceinvader\debug\sprite.obj
d:\github\spaceinvader\spaceinvader\debug\scene.obj
d:\github\spaceinvader\spaceinvader\debug\player.obj
d:\github\spaceinvader\spaceinvader\debug\movingsprite.obj
d:\github\spaceinvader\spaceinvader\debug\levelhandler.obj
d:\github\spaceinvader\spaceinvader\debug\level.obj
d:\github\spaceinvader\spaceinvader\debug\laserhandler.obj
d:\github\spaceinvader\spaceinvader\debug\laserbeam.obj
d:\github\spaceinvader\spaceinvader\debug\inputmanager.obj
d:\github\spaceinvader\spaceinvader\debug\graphicobject2d.obj
d:\github\spaceinvader\spaceinvader\debug\gameinput.obj
d:\github\spaceinvader\spaceinvader\debug\gameengine.obj
d:\github\spaceinvader\spaceinvader\debug\game.obj
d:\github\spaceinvader\spaceinvader\debug\enemyhandler.obj
d:\github\spaceinvader\spaceinvader\debug\enemy.obj
d:\github\spaceinvader\spaceinvader\debug\component.obj
d:\github\spaceinvader\spaceinvader\debug\collisionhandler.obj
d:\github\spaceinvader\spaceinvader\debug\soundmanager.obj
d:\github\spaceinvader\spaceinvader\debug\sound.obj
d:\github\spaceinvader\debug\spaceinvader.exe
d:\github\spaceinvader\debug\spaceinvader.ilk
d:\github\spaceinvader\debug\spaceinvader.pdb
d:\github\spaceinvader\spaceinvader\debug\scene.obj.enc
d:\github\spaceinvader\spaceinvader\debug\spaceinvader.tlog\cl.command.1.tlog
d:\github\spaceinvader\spaceinvader\debug\spaceinvader.tlog\cl.read.1.tlog
d:\github\spaceinvader\spaceinvader\debug\spaceinvader.tlog\cl.write.1.tlog
d:\github\spaceinvader\spaceinvader\debug\spaceinvader.tlog\link.command.1.tlog
d:\github\spaceinvader\spaceinvader\debug\spaceinvader.tlog\link.read.1.tlog
d:\github\spaceinvader\spaceinvader\debug\spaceinvader.tlog\link.write.1.tlog
